2023-05-25 20:43:15.081 [restartedMain] ERROR o.s.b.diagnostics.LoggingFailureAnalysisReporter - 

***************************
APPLICATION FAILED TO START
***************************

Description:

The bean 'paginationInterceptor', defined in class path resource [com/atguigu/com/serviceutil/config/MybatisPlusConfig.class], could not be registered. A bean with that name has already been defined in class path resource [com/atguigu/com/servicehosp/config/HospConfig.class] and overriding is disabled.

Action:

Consider renaming one of the beans or enabling overriding by setting spring.main.allow-bean-definition-overriding=true

2023-05-25 20:43:28.016 [restartedMain] ERROR o.s.b.diagnostics.LoggingFailureAnalysisReporter - 

***************************
APPLICATION FAILED TO START
***************************

Description:

The bean 'paginationInterceptor', defined in class path resource [com/atguigu/com/serviceutil/config/MybatisPlusConfig.class], could not be registered. A bean with that name has already been defined in class path resource [com/atguigu/com/servicehosp/config/HospConfig.class] and overriding is disabled.

Action:

Consider renaming one of the beans or enabling overriding by setting spring.main.allow-bean-definition-overriding=true

2023-05-25 20:44:08.506 [restartedMain] ERROR o.s.b.diagnostics.LoggingFailureAnalysisReporter - 

***************************
APPLICATION FAILED TO START
***************************

Description:

The bean 'paginationInterceptor', defined in class path resource [com/atguigu/com/serviceutil/config/MybatisPlusConfig.class], could not be registered. A bean with that name has already been defined in class path resource [com/atguigu/com/servicehosp/config/HospConfig.class] and overriding is disabled.

Action:

Consider renaming one of the beans or enabling overriding by setting spring.main.allow-bean-definition-overriding=true

